Determining if the pthread_create exist failed with the following output:
Change Dir: /home/myfriend/catkin_ws/src/stereo_cam_imu_driver/cmake-build-debug/CMakeFiles/CMakeTmp

Run Build Command:"/usr/bin/make" "cmTryCompileExec3058317055/fast"
/usr/bin/make -f CMakeFiles/cmTryCompileExec3058317055.dir/build.make CMakeFiles/cmTryCompileExec3058317055.dir/build
make[1]: Entering directory `/home/myfriend/catkin_ws/src/stereo_cam_imu_driver/cmake-build-debug/CMakeFiles/CMakeTmp'
/usr/bin/cmake -E cmake_progress_report /home/myfriend/catkin_ws/src/stereo_cam_imu_driver/cmake-build-debug/CMakeFiles/CMakeTmp/CMakeFiles 1
Building C object CMakeFiles/cmTryCompileExec3058317055.dir/CheckSymbolExists.c.o
/usr/bin/cc    -o CMakeFiles/cmTryCompileExec3058317055.dir/CheckSymbolExists.c.o   -c /home/myfriend/catkin_ws/src/stereo_cam_imu_driver/cmake-build-debug/CMakeFiles/CMakeTmp/CheckSymbolExists.c
Linking C executable cmTryCompileExec3058317055
/usr/bin/cmake -E cmake_link_script CMakeFiles/cmTryCompileExec3058317055.dir/link.txt --verbose=1
/usr/bin/cc       CMakeFiles/cmTryCompileExec3058317055.dir/CheckSymbolExists.c.o  -o cmTryCompileExec3058317055 -rdynamic 
CMakeFiles/cmTryCompileExec3058317055.dir/CheckSymbolExists.c.o: In function `main':
CheckSymbolExists.c:(.text+0x16): undefined reference to `pthread_create'
collect2: error: ld returned 1 exit status
make[1]: Leaving directory `/home/myfriend/catkin_ws/src/stereo_cam_imu_driver/cmake-build-debug/CMakeFiles/CMakeTmp'
make[1]: *** [cmTryCompileExec3058317055] Error 1
make: *** [cmTryCompileExec3058317055/fast] Error 2

File /home/myfriend/catkin_ws/src/stereo_cam_imu_driver/cmake-build-debug/CMakeFiles/CMakeTmp/CheckSymbolExists.c:
/* */
#include <pthread.h>

int main(int argc, char** argv)
{
  (void)argv;
#ifndef pthread_create
  return ((int*)(&pthread_create))[argc];
#else
  (void)argc;
  return 0;
#endif
}

Determining if the function pthread_create exists in the pthreads failed with the following output:
Change Dir: /home/myfriend/catkin_ws/src/stereo_cam_imu_driver/cmake-build-debug/CMakeFiles/CMakeTmp

Run Build Command:"/usr/bin/make" "cmTryCompileExec935856385/fast"
/usr/bin/make -f CMakeFiles/cmTryCompileExec935856385.dir/build.make CMakeFiles/cmTryCompileExec935856385.dir/build
make[1]: Entering directory `/home/myfriend/catkin_ws/src/stereo_cam_imu_driver/cmake-build-debug/CMakeFiles/CMakeTmp'
/usr/bin/cmake -E cmake_progress_report /home/myfriend/catkin_ws/src/stereo_cam_imu_driver/cmake-build-debug/CMakeFiles/CMakeTmp/CMakeFiles 1
Building C object CMakeFiles/cmTryCompileExec935856385.dir/CheckFunctionExists.c.o
/usr/bin/cc   -DCHECK_FUNCTION_EXISTS=pthread_create   -o CMakeFiles/cmTryCompileExec935856385.dir/CheckFunctionExists.c.o   -c /usr/share/cmake-3.2/Modules/CheckFunctionExists.c
Linking C executable cmTryCompileExec935856385
/usr/bin/cmake -E cmake_link_script CMakeFiles/cmTryCompileExec935856385.dir/link.txt --verbose=1
/usr/bin/cc   -DCHECK_FUNCTION_EXISTS=pthread_create    CMakeFiles/cmTryCompileExec935856385.dir/CheckFunctionExists.c.o  -o cmTryCompileExec935856385 -rdynamic -lpthreads 
/usr/bin/ld: cannot find -lpthreads
collect2: error: ld returned 1 exit status
make[1]: Leaving directory `/home/myfriend/catkin_ws/src/stereo_cam_imu_driver/cmake-build-debug/CMakeFiles/CMakeTmp'
make[1]: *** [cmTryCompileExec935856385] Error 1
make: *** [cmTryCompileExec935856385/fast] Error 2


