Determining if the pthread_create exist failed with the following output:
Change Dir: /home/myfriend/catkin_ws/src/stereo_cam_imu_driver/build/CMakeFiles/CMakeTmp

Run Build Command:"/usr/bin/make" "cmTryCompileExec1145684980/fast"
/usr/bin/make -f CMakeFiles/cmTryCompileExec1145684980.dir/build.make CMakeFiles/cmTryCompileExec1145684980.dir/build
make[1]: Entering directory `/home/myfriend/catkin_ws/src/stereo_cam_imu_driver/build/CMakeFiles/CMakeTmp'
/usr/bin/cmake -E cmake_progress_report /home/myfriend/catkin_ws/src/stereo_cam_imu_driver/build/CMakeFiles/CMakeTmp/CMakeFiles 1
Building C object CMakeFiles/cmTryCompileExec1145684980.dir/CheckSymbolExists.c.o
/usr/bin/cc    -o CMakeFiles/cmTryCompileExec1145684980.dir/CheckSymbolExists.c.o   -c /home/myfriend/catkin_ws/src/stereo_cam_imu_driver/build/CMakeFiles/CMakeTmp/CheckSymbolExists.c
Linking C executable cmTryCompileExec1145684980
/usr/bin/cmake -E cmake_link_script CMakeFiles/cmTryCompileExec1145684980.dir/link.txt --verbose=1
/usr/bin/cc       CMakeFiles/cmTryCompileExec1145684980.dir/CheckSymbolExists.c.o  -o cmTryCompileExec1145684980 -rdynamic 
CMakeFiles/cmTryCompileExec1145684980.dir/CheckSymbolExists.c.o: In function `main':
CheckSymbolExists.c:(.text+0x16): undefined reference to `pthread_create'
collect2: error: ld returned 1 exit status
make[1]: *** [cmTryCompileExec1145684980] Error 1
make[1]: Leaving directory `/home/myfriend/catkin_ws/src/stereo_cam_imu_driver/build/CMakeFiles/CMakeTmp'
make: *** [cmTryCompileExec1145684980/fast] Error 2

File /home/myfriend/catkin_ws/src/stereo_cam_imu_driver/build/CMakeFiles/CMakeTmp/CheckSymbolExists.c:
/* */
#include <pthread.h>

int main(int argc, char** argv)
{
  (void)argv;
#ifndef pthread_create
  return ((int*)(&pthread_create))[argc];
#else
  (void)argc;
  return 0;
#endif
}

Determining if the function pthread_create exists in the pthreads failed with the following output:
Change Dir: /home/myfriend/catkin_ws/src/stereo_cam_imu_driver/build/CMakeFiles/CMakeTmp

Run Build Command:"/usr/bin/make" "cmTryCompileExec4063159360/fast"
/usr/bin/make -f CMakeFiles/cmTryCompileExec4063159360.dir/build.make CMakeFiles/cmTryCompileExec4063159360.dir/build
make[1]: Entering directory `/home/myfriend/catkin_ws/src/stereo_cam_imu_driver/build/CMakeFiles/CMakeTmp'
/usr/bin/cmake -E cmake_progress_report /home/myfriend/catkin_ws/src/stereo_cam_imu_driver/build/CMakeFiles/CMakeTmp/CMakeFiles 1
Building C object CMakeFiles/cmTryCompileExec4063159360.dir/CheckFunctionExists.c.o
/usr/bin/cc   -DCHECK_FUNCTION_EXISTS=pthread_create   -o CMakeFiles/cmTryCompileExec4063159360.dir/CheckFunctionExists.c.o   -c /usr/share/cmake-3.2/Modules/CheckFunctionExists.c
Linking C executable cmTryCompileExec4063159360
/usr/bin/cmake -E cmake_link_script CMakeFiles/cmTryCompileExec4063159360.dir/link.txt --verbose=1
/usr/bin/cc   -DCHECK_FUNCTION_EXISTS=pthread_create    CMakeFiles/cmTryCompileExec4063159360.dir/CheckFunctionExists.c.o  -o cmTryCompileExec4063159360 -rdynamic -lpthreads 
/usr/bin/ld: cannot find -lpthreads
collect2: error: ld returned 1 exit status
make[1]: *** [cmTryCompileExec4063159360] Error 1
make[1]: Leaving directory `/home/myfriend/catkin_ws/src/stereo_cam_imu_driver/build/CMakeFiles/CMakeTmp'
make: *** [cmTryCompileExec4063159360/fast] Error 2


